android/app/build/intermediates/manifest_merge_blame_file/release/manifest-merger-blame-release-report.txt
1<?xml version="1.0" encoding="utf-8"?>
2<manifest xmlns:android="http://schemas.android.com/apk/res/android"
3    package="com.a_rapidremit"
4    android:versionCode="1"
5    android:versionName="1.0" >
6
7    <uses-sdk
8        android:minSdkVersion="16"
8-->src/main/AndroidManifest.xml
9        android:targetSdkVersion="28" />
9-->src/main/AndroidManifest.xml
10
11    <uses-permission android:name="android.permission.INTERNET" />
11-->src/main/AndroidManifest.xml:4:5-67
11-->src/main/AndroidManifest.xml:4:22-64
12    <uses-permission android:name="android.permission.ACCESS_FINE_LOCATION" />
12-->src/main/AndroidManifest.xml:5:5-79
12-->src/main/AndroidManifest.xml:5:22-76
13    <uses-permission android:name="android.permission.ACCESS_COARSE_LOCATION" />
13-->src/main/AndroidManifest.xml:6:5-80
13-->src/main/AndroidManifest.xml:6:22-78
14    <uses-permission android:name="android.permission.WAKE_LOCK" />
14-->[:react-native-firebase_storage] AndroidManifest.xml:12:5-68
14-->[:react-native-firebase_storage] AndroidManifest.xml:12:22-65
15    <uses-permission android:name="android.permission.ACCESS_NETWORK_STATE" /> <!-- TODO(salakar) Not sure if this should be part of the package manifest or leave to users app manifest code? -->
15-->[:react-native-firebase_storage] AndroidManifest.xml:13:5-79
15-->[:react-native-firebase_storage] AndroidManifest.xml:13:22-76
16    <uses-permission android:name="android.permission.READ_EXTERNAL_STORAGE" />
16-->[:react-native-firebase_storage] AndroidManifest.xml:15:5-80
16-->[:react-native-firebase_storage] AndroidManifest.xml:15:22-77
17    <uses-permission android:name="android.permission.WRITE_EXTERNAL_STORAGE" />
17-->[:react-native-firebase_storage] AndroidManifest.xml:16:5-81
17-->[:react-native-firebase_storage] AndroidManifest.xml:16:22-78
18
19    <application
19-->src/main/AndroidManifest.xml:7:5-25:19
20        android:name="com.a_rapidremit.MainApplication"
20-->src/main/AndroidManifest.xml:8:7-38
21        android:allowBackup="false"
21-->src/main/AndroidManifest.xml:11:7-34
22        android:appComponentFactory="androidx.core.app.CoreComponentFactory"
22-->[androidx.core:core:1.1.0] AndroidManifest.xml:24:18-86
23        android:icon="@mipmap/ic_launcher"
23-->src/main/AndroidManifest.xml:10:7-41
24        android:label="@string/app_name"
24-->src/main/AndroidManifest.xml:9:7-39
25        android:theme="@style/AppTheme" >
25-->src/main/AndroidManifest.xml:12:7-38
26        <activity
26-->src/main/AndroidManifest.xml:13:7-23:18
27            android:name="com.a_rapidremit.MainActivity"
27-->src/main/AndroidManifest.xml:14:9-37
28            android:configChanges="keyboard|keyboardHidden|orientation|screenSize|uiMode"
28-->src/main/AndroidManifest.xml:16:9-86
29            android:label="@string/app_name"
29-->src/main/AndroidManifest.xml:15:9-41
30            android:launchMode="singleTask"
30-->src/main/AndroidManifest.xml:17:9-40
31            android:windowSoftInputMode="adjustResize" >
31-->src/main/AndroidManifest.xml:18:9-51
32            <intent-filter>
32-->src/main/AndroidManifest.xml:19:9-22:25
33                <action android:name="android.intent.action.MAIN" />
33-->src/main/AndroidManifest.xml:20:13-65
33-->src/main/AndroidManifest.xml:20:21-62
34
35                <category android:name="android.intent.category.LAUNCHER" />
35-->src/main/AndroidManifest.xml:21:13-73
35-->src/main/AndroidManifest.xml:21:23-70
36            </intent-filter>
37        </activity>
38        <activity android:name="com.facebook.react.devsupport.DevSettingsActivity" />
38-->src/main/AndroidManifest.xml:24:7-84
38-->src/main/AndroidManifest.xml:24:17-81
39
40        <provider
40-->[:react-native-image-picker] AndroidManifest.xml:10:9-18:20
41            android:name="com.imagepicker.FileProvider"
41-->[:react-native-image-picker] AndroidManifest.xml:11:13-56
42            android:authorities="com.a_rapidremit.provider"
42-->[:react-native-image-picker] AndroidManifest.xml:12:13-60
43            android:exported="false"
43-->[:react-native-image-picker] AndroidManifest.xml:13:13-37
44            android:grantUriPermissions="true" >
44-->[:react-native-image-picker] AndroidManifest.xml:14:13-47
45            <meta-data
45-->[:react-native-image-picker] AndroidManifest.xml:15:13-17:58
46                android:name="android.support.FILE_PROVIDER_PATHS"
46-->[:react-native-image-picker] AndroidManifest.xml:16:17-67
47                android:resource="@xml/provider_paths" />
47-->[:react-native-image-picker] AndroidManifest.xml:17:17-55
48        </provider>
49        <provider
49-->[:react-native-share] AndroidManifest.xml:12:9-20:20
50            android:name="cl.json.RNShareFileProvider"
50-->[:react-native-share] AndroidManifest.xml:13:13-55
51            android:authorities="com.a_rapidremit.rnshare.fileprovider"
51-->[:react-native-share] AndroidManifest.xml:14:13-72
52            android:exported="false"
52-->[:react-native-share] AndroidManifest.xml:15:13-37
53            android:grantUriPermissions="true" >
53-->[:react-native-share] AndroidManifest.xml:16:13-47
54            <meta-data
54-->[:react-native-image-picker] AndroidManifest.xml:15:13-17:58
55                android:name="android.support.FILE_PROVIDER_PATHS"
55-->[:react-native-image-picker] AndroidManifest.xml:16:17-67
56                android:resource="@xml/share_download_paths" />
56-->[:react-native-image-picker] AndroidManifest.xml:17:17-55
57        </provider>
58
59        <meta-data
59-->[com.github.bumptech.glide:okhttp3-integration:4.11.0] AndroidManifest.xml:11:9-13:43
60            android:name="com.bumptech.glide.integration.okhttp3.OkHttpGlideModule"
60-->[com.github.bumptech.glide:okhttp3-integration:4.11.0] AndroidManifest.xml:12:13-84
61            android:value="GlideModule" />
61-->[com.github.bumptech.glide:okhttp3-integration:4.11.0] AndroidManifest.xml:13:13-40
62
63        <activity
63-->[com.google.android.gms:play-services-auth:19.0.0] AndroidManifest.xml:23:9-27:75
64            android:name="com.google.android.gms.auth.api.signin.internal.SignInHubActivity"
64-->[com.google.android.gms:play-services-auth:19.0.0] AndroidManifest.xml:24:13-93
65            android:excludeFromRecents="true"
65-->[com.google.android.gms:play-services-auth:19.0.0] AndroidManifest.xml:25:13-46
66            android:exported="false"
66-->[com.google.android.gms:play-services-auth:19.0.0] AndroidManifest.xml:26:13-37
67            android:theme="@android:style/Theme.Translucent.NoTitleBar" />
67-->[com.google.android.gms:play-services-auth:19.0.0] AndroidManifest.xml:27:13-72
68        <!--
69            Service handling Google Sign-In user revocation. For apps that do not integrate with
70            Google Sign-In, this service will never be started.
71        -->
72        <service
72-->[com.google.android.gms:play-services-auth:19.0.0] AndroidManifest.xml:33:9-37:51
73            android:name="com.google.android.gms.auth.api.signin.RevocationBoundService"
73-->[com.google.android.gms:play-services-auth:19.0.0] AndroidManifest.xml:34:13-89
74            android:exported="true"
74-->[com.google.android.gms:play-services-auth:19.0.0] AndroidManifest.xml:35:13-36
75            android:permission="com.google.android.gms.auth.api.signin.permission.REVOCATION_NOTIFICATION"
75-->[com.google.android.gms:play-services-auth:19.0.0] AndroidManifest.xml:36:13-107
76            android:visibleToInstantApps="true" />
76-->[com.google.android.gms:play-services-auth:19.0.0] AndroidManifest.xml:37:13-48
77        <service
77-->[com.google.firebase:firebase-storage:19.2.0] AndroidManifest.xml:30:9-36:19
78            android:name="com.google.firebase.components.ComponentDiscoveryService"
78-->[com.google.firebase:firebase-storage:19.2.0] AndroidManifest.xml:31:13-84
79            android:directBootAware="true"
79-->[com.google.firebase:firebase-common:19.4.0] AndroidManifest.xml:35:13-43
80            android:exported="false" >
80-->[com.google.firebase:firebase-storage:19.2.0] AndroidManifest.xml:32:13-37
81            <meta-data
81-->[com.google.firebase:firebase-storage:19.2.0] AndroidManifest.xml:33:13-35:85
82                android:name="com.google.firebase.components:com.google.firebase.storage.StorageRegistrar"
82-->[com.google.firebase:firebase-storage:19.2.0] AndroidManifest.xml:34:17-107
83                android:value="com.google.firebase.components.ComponentRegistrar" />
83-->[com.google.firebase:firebase-storage:19.2.0] AndroidManifest.xml:35:17-82
84        </service>
85
86        <activity
86-->[com.google.android.gms:play-services-base:17.1.0] AndroidManifest.xml:23:9-26:75
87            android:name="com.google.android.gms.common.api.GoogleApiActivity"
87-->[com.google.android.gms:play-services-base:17.1.0] AndroidManifest.xml:24:13-79
88            android:exported="false"
88-->[com.google.android.gms:play-services-base:17.1.0] AndroidManifest.xml:25:13-37
89            android:theme="@android:style/Theme.Translucent.NoTitleBar" />
89-->[com.google.android.gms:play-services-base:17.1.0] AndroidManifest.xml:26:13-72
90
91        <provider
91-->[com.google.firebase:firebase-common:19.4.0] AndroidManifest.xml:26:9-31:39
92            android:name="com.google.firebase.provider.FirebaseInitProvider"
92-->[com.google.firebase:firebase-common:19.4.0] AndroidManifest.xml:27:13-77
93            android:authorities="com.a_rapidremit.firebaseinitprovider"
93-->[com.google.firebase:firebase-common:19.4.0] AndroidManifest.xml:28:13-72
94            android:directBootAware="true"
94-->[com.google.firebase:firebase-common:19.4.0] AndroidManifest.xml:29:13-43
95            android:exported="false"
95-->[com.google.firebase:firebase-common:19.4.0] AndroidManifest.xml:30:13-37
96            android:initOrder="100" />
96-->[com.google.firebase:firebase-common:19.4.0] AndroidManifest.xml:31:13-36
97
98        <meta-data
98-->[com.google.android.gms:play-services-basement:17.1.1] AndroidManifest.xml:23:9-25:69
99            android:name="com.google.android.gms.version"
99-->[com.google.android.gms:play-services-basement:17.1.1] AndroidManifest.xml:24:13-58
100            android:value="@integer/google_play_services_version" />
100-->[com.google.android.gms:play-services-basement:17.1.1] AndroidManifest.xml:25:13-66
101    </application>
102
103</manifest>